<?xml version="1.0" encoding="UTF-8"?>
<!-- Generated by org.testng.reporters.JUnitReportReporter -->
<testsuite skipped="0" hostname="PXTEST-007" name="license_manager.generate_uploader_license" tests="1" failures="0" timestamp="30 Dec 2019 13:32:53 GMT" time="231.649" errors="0">
  <testcase name="Run" time="231.649" classname="license_manager.generate_uploader_license"/>
</testsuite> <!-- license_manager.generate_uploader_license -->
