<?xml version="1.0" encoding="UTF-8"?>
<!-- Generated by org.testng.reporters.JUnitReportReporter -->
<testsuite skipped="0" hostname="PXTEST-007" name="samples4.iframes" tests="2" failures="0" timestamp="12 Jan 2020 09:39:51 GMT" time="21.739" errors="0">
  <testcase name="iframes_run" time="9.945" classname="samples4.iframes"/>
  <testcase name="frame_run" time="11.794" classname="samples4.iframes"/>
</testsuite> <!-- samples4.iframes -->
