<?xml version="1.0" encoding="UTF-8"?>
<!-- Generated by org.testng.reporters.JUnitReportReporter -->
<testsuite skipped="0" hostname="PXTEST-007" name="license_manager.add_branch_license" tests="1" failures="0" timestamp="12 Jan 2020 14:57:18 GMT" time="1763.921" errors="0">
  <testcase name="UpdateModule" time="1763.921" classname="license_manager.add_branch_license"/>
</testsuite> <!-- license_manager.add_branch_license -->
