<?xml version="1.0" encoding="UTF-8"?>
<!-- Generated by org.testng.reporters.JUnitReportReporter -->
<testsuite skipped="0" hostname="PXTEST-007" name="samples2.checkbox" tests="1" failures="0" timestamp="27 May 2019 10:45:51 GMT" time="27.265" errors="0">
  <testcase name="Run" time="27.265" classname="samples2.checkbox"/>
</testsuite> <!-- samples2.checkbox -->
