<?xml version="1.0" encoding="UTF-8"?>
<!-- Generated by org.testng.reporters.JUnitReportReporter -->
<testsuite skipped="0" hostname="PXTEST-007" name="license_manager.set_uploader_to_branch_license" tests="1" failures="0" timestamp="30 Dec 2019 13:27:02 GMT" time="158.724" errors="0">
  <testcase name="UpdateModule" time="158.724" classname="license_manager.set_uploader_to_branch_license"/>
</testsuite> <!-- license_manager.set_uploader_to_branch_license -->
