<?xml version="1.0" encoding="UTF-8"?>
<!-- Generated by org.testng.reporters.JUnitReportReporter -->
<testsuite skipped="0" hostname="PXTEST-007" name="com.codility.selenium.candidate.Solution" tests="1" failures="0" timestamp="22 Jul 2019 17:38:36 GMT" time="11.235" errors="0">
  <testcase name="TestCase3" time="11.235" classname="com.codility.selenium.candidate.Solution"/>
</testsuite> <!-- com.codility.selenium.candidate.Solution -->
