<?xml version="1.0" encoding="UTF-8"?>
<!-- Generated by org.testng.reporters.JUnitReportReporter -->
<testsuite skipped="0" hostname="PXTEST-007" name="samples4.Alerts" tests="1" failures="0" timestamp="27 Jun 2019 12:44:09 GMT" time="32.401" errors="0">
  <testcase name="Alerts_testrun" time="32.401" classname="samples4.Alerts"/>
</testsuite> <!-- samples4.Alerts -->
